clock_generator.mag
----------------------------------------
Metal2 spacing < 0.14um (met2.2)
----------------------------------------
 -4.070um 4.460um -3.790um 4.490um
 -3.800um 4.460um -3.790um 4.490um
 -4.070um 4.600um -3.800um 4.630um
----------------------------------------
All nwells must contain metal-connected N+ taps (nwell.4)
----------------------------------------
 -5.740um 3.415um 0.000um 6.245um
 0.000um 3.415um 2.630um 6.245um
----------------------------------------
P-diff distance to N-tap must be < 15.0um (LU.3)
----------------------------------------
 -5.180um 5.065um -4.920um 6.065um
 -4.770um 5.065um -4.510um 6.065um
 -4.035um 5.065um -3.775um 6.065um
 -3.625um 5.065um -3.355um 6.065um
 -3.205um 5.065um -2.945um 6.065um
 -2.450um 5.065um -2.190um 6.065um
 -2.040um 5.065um -1.780um 6.065um
 -1.160um 5.065um -0.900um 6.065um
 -0.750um 5.065um -0.490um 6.065um
 -5.210um 3.595um -4.950um 4.595um
 -4.800um 3.595um -4.540um 4.595um
 -4.035um 3.595um -3.775um 4.595um
 -3.625um 3.595um -3.355um 4.595um
 -3.205um 3.595um -2.945um 4.595um
 -2.450um 3.595um -2.190um 4.595um
 -2.040um 3.595um -1.780um 4.595um
 -1.160um 3.595um -0.900um 4.595um
 -0.750um 3.595um -0.490um 4.595um
 0.120um 5.065um 0.380um 6.065um
 0.530um 5.065um 0.790um 6.065um
 1.400um 5.065um 1.660um 6.065um
 1.810um 5.065um 2.070um 6.065um
 0.120um 3.595um 0.380um 4.595um
 0.530um 3.595um 0.790um 4.595um
 1.400um 3.595um 1.660um 4.595um
 1.810um 3.595um 2.070um 4.595um
----------------------------------------
N-diff distance to P-tap must be < 15.0um (LU.2)
----------------------------------------
 -5.180um 6.665um -4.920um 7.315um
 -4.770um 6.665um -4.510um 7.315um
 -4.035um 6.665um -3.775um 7.315um
 -3.625um 6.665um -3.355um 7.315um
 -3.205um 6.665um -2.945um 7.315um
 -2.450um 6.665um -2.190um 7.315um
 -2.040um 6.665um -1.780um 7.315um
 -1.160um 6.665um -0.900um 7.315um
 -0.750um 6.665um -0.490um 7.315um
 -5.210um 2.345um -4.950um 2.995um
 -4.800um 2.345um -4.540um 2.995um
 -4.035um 2.345um -3.775um 2.995um
 -3.625um 2.345um -3.355um 2.995um
 -3.205um 2.345um -2.945um 2.995um
 -2.450um 2.345um -2.190um 2.995um
 -2.040um 2.345um -1.780um 2.995um
 -1.160um 2.345um -0.900um 2.995um
 -0.750um 2.345um -0.490um 2.995um
 0.120um 6.665um 0.380um 7.315um
 0.530um 6.665um 0.790um 7.315um
 1.400um 6.665um 1.660um 7.315um
 1.810um 6.665um 2.070um 7.315um
 0.120um 2.345um 0.380um 2.995um
 0.530um 2.345um 0.790um 2.995um
 1.400um 2.345um 1.660um 2.995um
 1.810um 2.345um 2.070um 2.995um
----------------------------------------
[INFO] COUNT: 57
[INFO] Should be divided by 3 or 4

